<?xml version="1.0" encoding="UTF-8"?>
<!-- Generated by org.testng.reporters.JUnitXMLReporter -->
<testsuite ignored="1" hostname="ACW-Lap-031" failures="2" tests="14" name="package" time="0.371" errors="0" timestamp="2024-05-08T11:42:45 IST">
  <testcase classname="testng.com.ParallelBrowser" name="@BeforeMethod setUp" time="-1.715148765813E9">
    <failure type="org.testng.TestNGException" message="
Parameter &amp;apos;browser&amp;apos; is required by BeforeMethod on method setUp but has not been marked @Optional or defined
in C:\Users\ACW USER\eclipse-workspace\TestNG\packagelevel.xml">
      <![CDATA[org.testng.TestNGException: 
Parameter 'browser' is required by BeforeMethod on method setUp but has not been marked @Optional or defined
in C:\Users\ACW USER\eclipse-workspace\TestNG\packagelevel.xml
at java.base/java.util.ArrayList.forEach(ArrayList.java:1511)
... Removed 28 stack frames]]>
    </failure>
  </testcase> <!-- @BeforeMethod setUp -->
  <testcase classname="testng.com.ParallelBrowser" name="@AfterMethod tearDown" time="0.0">
    <skipped/>
  </testcase> <!-- @AfterMethod tearDown -->
  <testcase classname="testng.com.Day1" name="print" time="0.024"/>
  <testcase classname="testng.com.Day1" name="print1" time="0.012"/>
  <testcase classname="testng.com.Day3" name="deleteUser" time="0.002"/>
  <testcase classname="testng.com.Day3" name="viewUser" time="0.04">
    <failure type="java.lang.AssertionError" message="expected [true] but found [false]">
      <![CDATA[java.lang.AssertionError: expected [true] but found [false]
at testng.com.Day3.viewUser(Day3.java:36)
at java.base/java.util.ArrayList.forEach(ArrayList.java:1511)
... Removed 31 stack frames]]>
    </failure>
  </testcase> <!-- viewUser -->
  <testcase classname="testng.com.Day3" name="addUser" time="0.003"/>
  <testcase classname="testng.com.Day3" name="edituser" time="0.0">
    <skipped/>
  </testcase> <!-- edituser -->
  <testcase classname="testng.com.Day4" name="addHotel" time="0.0">
    <failure type="org.testng.TestNGException" message="
Parameter &amp;apos;Username&amp;apos; is required by @Test on method addHotel but has not been marked @Optional or defined
in C:\Users\ACW USER\eclipse-workspace\TestNG\packagelevel.xml">
      <![CDATA[org.testng.TestNGException: 
Parameter 'Username' is required by @Test on method addHotel but has not been marked @Optional or defined
in C:\Users\ACW USER\eclipse-workspace\TestNG\packagelevel.xml
at java.base/java.util.ArrayList.forEach(ArrayList.java:1511)
... Removed 26 stack frames]]>
    </failure>
  </testcase> <!-- addHotel -->
  <testcase classname="testng.com.Day4" name="deletehotel" time="0.003"/>
  <testcase classname="testng.com.Day4" name="editHotel" time="0.003"/>
  <testcase classname="testng.com.Day4" name="viewHotel" time="0.019"/>
  <testcase classname="testng.com.Day_2" name="mobilelogin" time="0.002"/>
  <testcase classname="testng.com.Day_2" name="mobilelogin2" time="0.002"/>
  <testcase classname="testng.com.Day_2" name="weblogin" time="0.002"/>
  <testcase classname="testng.com.ParallelBrowser" name="testExample" time="0.001">
    <skipped/>
  </testcase> <!-- testExample -->
  <testcase classname="testng.com.Day_2" name="enabledmethod" time="0.0">
    <ignored/>
  </testcase> <!-- enabledmethod -->
</testsuite> <!-- package -->
